<?xml version="1.0" encoding="UTF-8"?>
<!-- Generated by org.testng.reporters.JUnitXMLReporter -->
<testsuite ignored="0" hostname="DESKTOP-VT6ITUR" failures="0" tests="4" name="Default test" time="11.505" errors="0" timestamp="2024-01-22T22:06:03 IST">
  <testcase classname="api.test.UserTests2" name="testPostUser" time="5.399"/>
  <testcase classname="api.test.UserTests2" name="testGetUser" time="2.047"/>
  <testcase classname="api.test.UserTests2" name="testUpdateUser" time="2.142"/>
  <testcase classname="api.test.UserTests2" name="testDeleteUser" time="1.822"/>
</testsuite> <!-- Default test -->
