<?xml version="1.0" encoding="UTF-8"?>
<testsuite xmlns:xsi="http://www.w3.org/2001/XMLSchema-instance" xsi:noNamespaceSchemaLocation="https://maven.apache.org/surefire/maven-surefire-plugin/xsd/surefire-test-report.xsd" name="TestSuite" time="9.889" tests="4" errors="0" skipped="0" failures="0">
  <properties>
[...]
</properties>
  <testcase name="testPostUser" classname="api.test.UserTests2" time="5.283"/>
  <testcase name="testGetUser" classname="api.test.UserTests2" time="1.214"/>
  <testcase name="testUpdateUser" classname="api.test.UserTests2" time="1.26"/>
  <testcase name="testDeleteUser" classname="api.test.UserTests2" time="1.118"/>
</testsuite>