<?xml version="1.0" encoding="UTF-8"?>
<testng-results ignored="0" total="4" passed="4" failed="0" skipped="0">
  <reporter-output>
  </reporter-output>
  <suite started-at="2024-01-22T22:54:52 IST" name="API Tests" finished-at="2024-01-22T22:55:01 IST" duration-ms="8953">
    <groups>
    </groups>
    <test started-at="2024-01-22T22:54:52 IST" name="PropAPITest" finished-at="2024-01-22T22:55:01 IST" duration-ms="8953">
      <class name="api.test.UserTests2">
        <test-method is-config="true" signature="setup()[pri:0, instance:api.test.UserTests2@778d1062]" started-at="2024-01-22T22:54:52 IST" name="setup" finished-at="2024-01-22T22:54:52 IST" duration-ms="19" status="PASS">
          <reporter-output>
          </reporter-output>
        </test-method> <!-- setup -->
        <test-method signature="testPostUser()[pri:1, instance:api.test.UserTests2@778d1062]" started-at="2024-01-22T22:54:52 IST" name="testPostUser" finished-at="2024-01-22T22:54:57 IST" duration-ms="5165" status="PASS">
          <reporter-output>
          </reporter-output>
        </test-method> <!-- testPostUser -->
        <test-method signature="testGetUser()[pri:2, instance:api.test.UserTests2@778d1062]" started-at="2024-01-22T22:54:57 IST" name="testGetUser" finished-at="2024-01-22T22:54:58 IST" duration-ms="1306" status="PASS">
          <reporter-output>
          </reporter-output>
        </test-method> <!-- testGetUser -->
        <test-method signature="testUpdateUser()[pri:3, instance:api.test.UserTests2@778d1062]" started-at="2024-01-22T22:54:58 IST" name="testUpdateUser" finished-at="2024-01-22T22:54:59 IST" duration-ms="1210" status="PASS">
          <reporter-output>
          </reporter-output>
        </test-method> <!-- testUpdateUser -->
        <test-method signature="testDeleteUser()[pri:4, instance:api.test.UserTests2@778d1062]" started-at="2024-01-22T22:54:59 IST" name="testDeleteUser" finished-at="2024-01-22T22:55:01 IST" duration-ms="1192" status="PASS">
          <reporter-output>
          </reporter-output>
        </test-method> <!-- testDeleteUser -->
      </class> <!-- api.test.UserTests2 -->
    </test> <!-- PropAPITest -->
  </suite> <!-- API Tests -->
</testng-results>
