<?xml version="1.0" encoding="UTF-8"?>
<!-- Generated by org.testng.reporters.JUnitXMLReporter -->
<testsuite ignored="0" hostname="DESKTOP-VT6ITUR" failures="0" tests="4" name="PropAPITest" time="11.353" errors="0" timestamp="2024-01-22T22:13:30 IST">
  <testcase classname="api.test.UserTests2" name="testPostUser" time="5.271"/>
  <testcase classname="api.test.UserTests2" name="testGetUser" time="1.897"/>
  <testcase classname="api.test.UserTests2" name="testUpdateUser" time="2.267"/>
  <testcase classname="api.test.UserTests2" name="testDeleteUser" time="1.795"/>
</testsuite> <!-- PropAPITest -->
