<?xml version="1.0" encoding="UTF-8"?>
<testng-results ignored="0" total="4" passed="4" failed="0" skipped="0">
  <reporter-output>
  </reporter-output>
  <suite started-at="2024-01-22T22:13:19 IST" name="API Tests" finished-at="2024-01-22T22:13:30 IST" duration-ms="11353">
    <groups>
    </groups>
    <test started-at="2024-01-22T22:13:19 IST" name="PropAPITest" finished-at="2024-01-22T22:13:30 IST" duration-ms="11353">
      <class name="api.test.UserTests2">
        <test-method is-config="true" signature="setup()[pri:0, instance:api.test.UserTests2@434a63ab]" started-at="2024-01-22T22:13:19 IST" name="setup" finished-at="2024-01-22T22:13:19 IST" duration-ms="41" status="PASS">
          <reporter-output>
          </reporter-output>
        </test-method> <!-- setup -->
        <test-method signature="testPostUser()[pri:1, instance:api.test.UserTests2@434a63ab]" started-at="2024-01-22T22:13:19 IST" name="testPostUser" finished-at="2024-01-22T22:13:24 IST" duration-ms="5271" status="PASS">
          <reporter-output>
          </reporter-output>
        </test-method> <!-- testPostUser -->
        <test-method signature="testGetUser()[pri:2, instance:api.test.UserTests2@434a63ab]" started-at="2024-01-22T22:13:24 IST" name="testGetUser" finished-at="2024-01-22T22:13:26 IST" duration-ms="1897" status="PASS">
          <reporter-output>
          </reporter-output>
        </test-method> <!-- testGetUser -->
        <test-method signature="testUpdateUser()[pri:3, instance:api.test.UserTests2@434a63ab]" started-at="2024-01-22T22:13:26 IST" name="testUpdateUser" finished-at="2024-01-22T22:13:28 IST" duration-ms="2267" status="PASS">
          <reporter-output>
          </reporter-output>
        </test-method> <!-- testUpdateUser -->
        <test-method signature="testDeleteUser()[pri:4, instance:api.test.UserTests2@434a63ab]" started-at="2024-01-22T22:13:28 IST" name="testDeleteUser" finished-at="2024-01-22T22:13:30 IST" duration-ms="1795" status="PASS">
          <reporter-output>
          </reporter-output>
        </test-method> <!-- testDeleteUser -->
      </class> <!-- api.test.UserTests2 -->
    </test> <!-- PropAPITest -->
  </suite> <!-- API Tests -->
</testng-results>
